Using pre-set license
Built from '2021.2/staging' branch; Version is '2021.2.5f1 (4ec9a5e799f5) revision 5163429'; Using compiler version '192829333'; Build Type 'Release'
OS: 'Windows 10  (10.0.19044) 64bit Professional' Language: 'en' Physical Memory: 16343 MB
BatchMode: 1, IsHumanControllingUs: 0, StartBugReporterOnCrash: 0, Is64bit: 1, IsPro: 0

COMMAND LINE ARGUMENTS:
C:\Program Files\Unity\Hub\Editor\2021.2.5f1\Editor\Unity.exe
-adb2
-batchMode
-noUpm
-name
AssetImportWorker1
-projectPath
C:/Users/chace/source/unity/TeamSeasJam 3
-logFile
Logs/AssetImportWorker1.log
-srvPort
54139
Successfully changed project path to: C:/Users/chace/source/unity/TeamSeasJam 3
C:/Users/chace/source/unity/TeamSeasJam 3
[UnityMemory] Configuration Parameters - Can be set up in boot.config
    "memorysetup-bucket-allocator-granularity=16"
    "memorysetup-bucket-allocator-bucket-count=8"
    "memorysetup-bucket-allocator-block-size=33554432"
    "memorysetup-bucket-allocator-block-count=8"
    "memorysetup-main-allocator-block-size=16777216"
    "memorysetup-thread-allocator-block-size=16777216"
    "memorysetup-gfx-main-allocator-block-size=16777216"
    "memorysetup-gfx-thread-allocator-block-size=16777216"
    "memorysetup-cache-allocator-block-size=4194304"
    "memorysetup-typetree-allocator-block-size=2097152"
    "memorysetup-profiler-bucket-allocator-granularity=16"
    "memorysetup-profiler-bucket-allocator-bucket-count=8"
    "memorysetup-profiler-bucket-allocator-block-size=33554432"
    "memorysetup-profiler-bucket-allocator-block-count=8"
    "memorysetup-profiler-allocator-block-size=16777216"
    "memorysetup-profiler-editor-allocator-block-size=1048576"
    "memorysetup-temp-allocator-size-main=16777216"
    "memorysetup-job-temp-allocator-block-size=2097152"
    "memorysetup-job-temp-allocator-block-size-background=1048576"
    "memorysetup-job-temp-allocator-reduction-small-platforms=262144"
    "memorysetup-temp-allocator-size-background-worker=32768"
    "memorysetup-temp-allocator-size-job-worker=262144"
    "memorysetup-temp-allocator-size-preload-manager=33554432"
    "memorysetup-temp-allocator-size-nav-mesh-worker=65536"
    "memorysetup-temp-allocator-size-audio-worker=65536"
    "memorysetup-temp-allocator-size-cloud-worker=32768"
    "memorysetup-temp-allocator-size-gi-baking-worker=262144"
    "memorysetup-temp-allocator-size-gfx=262144"
Refreshing native plugins compatible for Editor in 195.23 ms, found 3 plugins.
Preloading 0 native plugins for Editor in 0.00 ms.
Initialize engine version: 2021.2.5f1 (4ec9a5e799f5)
[Subsystems] Discovering subsystems at path C:/Program Files/Unity/Hub/Editor/2021.2.5f1/Editor/Data/Resources/UnitySubsystems
[Subsystems] Discovering subsystems at path C:/Users/chace/source/unity/TeamSeasJam 3/Assets
GfxDevice: creating device client; threaded=0; jobified=0
Direct3D:
    Version:  Direct3D 11.0 [level 11.1]
    Renderer: NVIDIA GeForce GTX 1050 Ti (ID=0x1c82)
    Vendor:   NVIDIA
    VRAM:     4018 MB
    Driver:   27.21.14.6589
Initialize mono
Mono path[0] = 'C:/Program Files/Unity/Hub/Editor/2021.2.5f1/Editor/Data/Managed'
Mono path[1] = 'C:/Program Files/Unity/Hub/Editor/2021.2.5f1/Editor/Data/MonoBleedingEdge/lib/mono/unityjit-win32'
Mono config path = 'C:/Program Files/Unity/Hub/Editor/2021.2.5f1/Editor/Data/MonoBleedingEdge/etc'
Using monoOptions --debugger-agent=transport=dt_socket,embedding=1,server=y,suspend=n,address=127.0.0.1:56372
Begin MonoManager ReloadAssembly
Registering precompiled unity dll's ...
Register platform support module: C:/Program Files/Unity/Hub/Editor/2021.2.5f1/Editor/Data/PlaybackEngines/WindowsStandaloneSupport/UnityEditor.WindowsStandalone.Extensions.dll
Registered in 0.021954 seconds.
Native extension for WindowsStandalone target not found
Refreshing native plugins compatible for Editor in 181.68 ms, found 3 plugins.
Preloading 0 native plugins for Editor in 0.00 ms.
Mono: successfully reloaded assembly
- Completed reload, in  1.218 seconds
Domain Reload Profiling:
	ReloadAssembly (1221ms)
		BeginReloadAssembly (155ms)
			ExecutionOrderSort (0ms)
			DisableScriptedObjects (0ms)
			BackupInstance (0ms)
			ReleaseScriptingObjects (0ms)
			CreateAndSetChildDomain (1ms)
		EndReloadAssembly (880ms)
			LoadAssemblies (146ms)
			RebuildTransferFunctionScriptingTraits (0ms)
			SetupTypeCache (181ms)
			ReleaseScriptCaches (0ms)
			RebuildScriptCaches (46ms)
			SetupLoadedEditorAssemblies (550ms)
				LogAssemblyErrors (0ms)
				InitializePlatformSupportModulesInManaged (28ms)
				SetLoadedEditorAssemblies (0ms)
				RefreshPlugins (184ms)
				BeforeProcessingInitializeOnLoad (2ms)
				ProcessInitializeOnLoadAttributes (247ms)
				ProcessInitializeOnLoadMethodAttributes (89ms)
				AfterProcessingInitializeOnLoad (0ms)
				EditorAssembliesLoaded (0ms)
			ExecutionOrderSort2 (0ms)
			AwakeInstancesAfterBackupRestoration (0ms)
Platform modules already initialized, skipping
Registering precompiled user dll's ...
Registered in 0.026362 seconds.
Begin MonoManager ReloadAssembly
Symbol file LoadedFromMemory doesn't match image C:\Users\chace\source\unity\TeamSeasJam 3\Library\PackageCache\com.unity.visualscripting@1.7.5\Editor\VisualScripting.Core\Dependencies\YamlDotNet\Unity.VisualScripting.YamlDotNet.dll
Symbol file LoadedFromMemory doesn't match image C:\Users\chace\source\unity\TeamSeasJam 3\Library\PackageCache\com.unity.visualscripting@1.7.5\Editor\VisualScripting.Core\Dependencies\DotNetZip\Unity.VisualScripting.IonicZip.dll
Native extension for WindowsStandalone target not found
Refreshing native plugins compatible for Editor in 187.56 ms, found 3 plugins.
Preloading 0 native plugins for Editor in 0.00 ms.
Mono: successfully reloaded assembly
- Completed reload, in  3.996 seconds
Domain Reload Profiling:
	ReloadAssembly (3998ms)
		BeginReloadAssembly (319ms)
			ExecutionOrderSort (0ms)
			DisableScriptedObjects (11ms)
			BackupInstance (0ms)
			ReleaseScriptingObjects (0ms)
			CreateAndSetChildDomain (32ms)
		EndReloadAssembly (3440ms)
			LoadAssemblies (187ms)
			RebuildTransferFunctionScriptingTraits (0ms)
			SetupTypeCache (497ms)
			ReleaseScriptCaches (1ms)
			RebuildScriptCaches (133ms)
			SetupLoadedEditorAssemblies (2431ms)
				LogAssemblyErrors (0ms)
				InitializePlatformSupportModulesInManaged (21ms)
				SetLoadedEditorAssemblies (0ms)
				RefreshPlugins (188ms)
				BeforeProcessingInitializeOnLoad (211ms)
				ProcessInitializeOnLoadAttributes (1871ms)
				ProcessInitializeOnLoadMethodAttributes (108ms)
				AfterProcessingInitializeOnLoad (30ms)
				EditorAssembliesLoaded (0ms)
			ExecutionOrderSort2 (0ms)
			AwakeInstancesAfterBackupRestoration (17ms)
Platform modules already initialized, skipping
========================================================================
Worker process is ready to serve import requests
Launched and connected shader compiler UnityShaderCompiler.exe after 0.13 seconds
Refreshing native plugins compatible for Editor in 1.45 ms, found 3 plugins.
Preloading 0 native plugins for Editor in 0.00 ms.
Unloading 5275 Unused Serialized files (Serialized files now loaded: 0)
Unloading 143 unused Assets / (0.8 MB). Loaded Objects now: 5708.
Memory consumption went from 213.9 MB to 213.1 MB.
Total: 8.160500 ms (FindLiveObjects: 0.882500 ms CreateObjectMapping: 0.313200 ms MarkObjects: 6.171600 ms  DeleteObjects: 0.791400 ms)

AssetImportParameters requested are different than current active one (requested -> active):
  custom:video-decoder-ogg-theora: a1e56fd34408186e4bbccfd4996cb3dc -> 
  custom:container-muxer-webm: aa71ff27fc2769a1b78a27578f13a17b -> 
  custom:container-demuxer-webm: 4f35f7cbe854078d1ac9338744f61a02 -> 
  custom:video-encoder-webm-vp8: eb34c28f22e8b96e1ab97ce403110664 -> 
  custom:audio-encoder-webm-vorbis: bf7c407c2cedff20999df2af8eb42d56 -> 
  custom:framework-win-MediaFoundation: 216162199b28c13a410421893ffa2e32 -> 
  custom:container-demuxer-ogg: 62fdf1f143b41e24485cea50d1cbac27 -> 
  custom:video-decoder-webm-vp8: 9c59270c3fd7afecdb556c50c9e8de78 -> 
  custom:audio-decoder-ogg-vorbis: bf7c407c2cedff20999df2af8eb42d56 -> 
========================================================================
Received Import Request.
  Time since last request: 783420.503250 seconds.
  path: Assets/Materials/Misc/Tiles107_2K_Color.png
  artifactKey: Guid(2ea03facfc69e864b84e753918058459) Importer(815301076,1909f56bfc062723c751e8b465ee728b)
Start importing Assets/Materials/Misc/Tiles107_2K_Color.png using Guid(2ea03facfc69e864b84e753918058459) Importer(815301076,1909f56bfc062723c751e8b465ee728b)  -> (artifact id: '64f37f7336076238a2111a6b8bdf2c4c') in 0.232108 seconds 
========================================================================
Received Import Request.
  Time since last request: 0.000044 seconds.
  path: Assets/Materials/Misc/Tiles107_2K_NormalDX.png
  artifactKey: Guid(b4835aab89ca49b4e85917dfd752e9f4) Importer(815301076,1909f56bfc062723c751e8b465ee728b)
Start importing Assets/Materials/Misc/Tiles107_2K_NormalDX.png using Guid(b4835aab89ca49b4e85917dfd752e9f4) Importer(815301076,1909f56bfc062723c751e8b465ee728b)  -> (artifact id: 'e9cf70696a922c64b87b46f63b39b033') in 0.030784 seconds 
========================================================================
Received Prepare
Registering precompiled user dll's ...
Registered in 0.029220 seconds.
Begin MonoManager ReloadAssembly
Symbol file LoadedFromMemory doesn't match image C:\Users\chace\source\unity\TeamSeasJam 3\Library\PackageCache\com.unity.visualscripting@1.7.5\Editor\VisualScripting.Core\Dependencies\YamlDotNet\Unity.VisualScripting.YamlDotNet.dll
Symbol file LoadedFromMemory doesn't match image C:\Users\chace\source\unity\TeamSeasJam 3\Library\PackageCache\com.unity.visualscripting@1.7.5\Editor\VisualScripting.Core\Dependencies\DotNetZip\Unity.VisualScripting.IonicZip.dll
Native extension for WindowsStandalone target not found
Refreshing native plugins compatible for Editor in 1.74 ms, found 3 plugins.
Preloading 0 native plugins for Editor in 0.00 ms.
Warning: Annotation not found!
UnityEngine.StackTraceUtility:ExtractStackTrace ()
UnityEditor.ProBuilder.EditorUtility:SetGizmoIconEnabled (System.Type,bool) (at Library/PackageCache/com.unity.probuilder@5.0.3/Editor/EditorCore/EditorUtility.cs:575)
UnityEditor.ProBuilder.HierarchyListener:.cctor () (at Library/PackageCache/com.unity.probuilder@5.0.3/Editor/EditorCore/HierarchyListener.cs:21)
System.Runtime.CompilerServices.RuntimeHelpers:RunClassConstructor (System.RuntimeTypeHandle)
UnityEditor.EditorAssemblies:ProcessInitializeOnLoadAttributes (System.Type[])

[Library/PackageCache/com.unity.probuilder@5.0.3/Editor/EditorCore/EditorUtility.cs line 575]

Mono: successfully reloaded assembly
- Completed reload, in  2.849 seconds
Domain Reload Profiling:
	ReloadAssembly (2850ms)
		BeginReloadAssembly (287ms)
			ExecutionOrderSort (0ms)
			DisableScriptedObjects (10ms)
			BackupInstance (0ms)
			ReleaseScriptingObjects (0ms)
			CreateAndSetChildDomain (71ms)
		EndReloadAssembly (2354ms)
			LoadAssemblies (197ms)
			RebuildTransferFunctionScriptingTraits (0ms)
			SetupTypeCache (611ms)
			ReleaseScriptCaches (3ms)
			RebuildScriptCaches (101ms)
			SetupLoadedEditorAssemblies (1112ms)
				LogAssemblyErrors (0ms)
				InitializePlatformSupportModulesInManaged (29ms)
				SetLoadedEditorAssemblies (1ms)
				RefreshPlugins (2ms)
				BeforeProcessingInitializeOnLoad (187ms)
				ProcessInitializeOnLoadAttributes (721ms)
				ProcessInitializeOnLoadMethodAttributes (138ms)
				AfterProcessingInitializeOnLoad (34ms)
				EditorAssembliesLoaded (0ms)
			ExecutionOrderSort2 (0ms)
			AwakeInstancesAfterBackupRestoration (47ms)
Platform modules already initialized, skipping
Refreshing native plugins compatible for Editor in 1.69 ms, found 3 plugins.
Preloading 0 native plugins for Editor in 0.00 ms.
Unloading 5112 Unused Serialized files (Serialized files now loaded: 0)
Unloading 33 unused Assets / (0.7 MB). Loaded Objects now: 5742.
Memory consumption went from 208.4 MB to 207.7 MB.
Total: 7.925400 ms (FindLiveObjects: 0.959700 ms CreateObjectMapping: 0.538800 ms MarkObjects: 5.899400 ms  DeleteObjects: 0.525400 ms)

AssetImportParameters requested are different than current active one (requested -> active):
  custom:video-decoder-ogg-theora: a1e56fd34408186e4bbccfd4996cb3dc -> 
  custom:container-muxer-webm: aa71ff27fc2769a1b78a27578f13a17b -> 
  custom:container-demuxer-webm: 4f35f7cbe854078d1ac9338744f61a02 -> 
  custom:video-encoder-webm-vp8: eb34c28f22e8b96e1ab97ce403110664 -> 
  custom:audio-encoder-webm-vorbis: bf7c407c2cedff20999df2af8eb42d56 -> 
  custom:framework-win-MediaFoundation: 216162199b28c13a410421893ffa2e32 -> 
  custom:container-demuxer-ogg: 62fdf1f143b41e24485cea50d1cbac27 -> 
  custom:video-decoder-webm-vp8: 9c59270c3fd7afecdb556c50c9e8de78 -> 
  custom:audio-decoder-ogg-vorbis: bf7c407c2cedff20999df2af8eb42d56 -> 
========================================================================
Received Import Request.
  Time since last request: 817.614413 seconds.
  path: Assets/Materials/Misc/Concrete037_2K_Color.png
  artifactKey: Guid(0fce0896475bc374d96b92ad8ce757b1) Importer(815301076,1909f56bfc062723c751e8b465ee728b)
Start importing Assets/Materials/Misc/Concrete037_2K_Color.png using Guid(0fce0896475bc374d96b92ad8ce757b1) Importer(815301076,1909f56bfc062723c751e8b465ee728b)  -> (artifact id: '1a6cd0a2cf1d5a77bc09d7662e5225ab') in 0.091767 seconds 
========================================================================
Received Import Request.
  Time since last request: 0.000041 seconds.
  path: Assets/Materials/Misc/Concrete037_2K_NormalDX.png
  artifactKey: Guid(54ce7583dc72d7e41a3f81ea716fc452) Importer(815301076,1909f56bfc062723c751e8b465ee728b)
Start importing Assets/Materials/Misc/Concrete037_2K_NormalDX.png using Guid(54ce7583dc72d7e41a3f81ea716fc452) Importer(815301076,1909f56bfc062723c751e8b465ee728b)  -> (artifact id: '64317b39d40d2869cf68d6ab409c856a') in 0.039904 seconds 
========================================================================
Received Import Request.
  Time since last request: 0.000045 seconds.
  path: Assets/Materials/Misc/Concrete037_2K_Displacement.png
  artifactKey: Guid(08204bdfb93f4404db2d0ce3b4b76115) Importer(815301076,1909f56bfc062723c751e8b465ee728b)
Start importing Assets/Materials/Misc/Concrete037_2K_Displacement.png using Guid(08204bdfb93f4404db2d0ce3b4b76115) Importer(815301076,1909f56bfc062723c751e8b465ee728b)  -> (artifact id: '7637f1b5894c6f8ffe600292d51345fa') in 0.036552 seconds 
========================================================================
Received Import Request.
  Time since last request: 11.159866 seconds.
  path: Assets/Materials/Tiles.mat
  artifactKey: Guid(a7f20582375cdd94682f42ecdcd8efab) Importer(815301076,1909f56bfc062723c751e8b465ee728b)
Start importing Assets/Materials/Tiles.mat using Guid(a7f20582375cdd94682f42ecdcd8efab) Importer(815301076,1909f56bfc062723c751e8b465ee728b)  -> (artifact id: '6fad64071466f2b711736cebeac20af2') in 3.034739 seconds 
========================================================================
Received Prepare
Registering precompiled user dll's ...
Registered in 0.028928 seconds.
Begin MonoManager ReloadAssembly
Symbol file LoadedFromMemory doesn't match image C:\Users\chace\source\unity\TeamSeasJam 3\Library\PackageCache\com.unity.visualscripting@1.7.5\Editor\VisualScripting.Core\Dependencies\YamlDotNet\Unity.VisualScripting.YamlDotNet.dll
Symbol file LoadedFromMemory doesn't match image C:\Users\chace\source\unity\TeamSeasJam 3\Library\PackageCache\com.unity.visualscripting@1.7.5\Editor\VisualScripting.Core\Dependencies\DotNetZip\Unity.VisualScripting.IonicZip.dll
Native extension for WindowsStandalone target not found
Refreshing native plugins compatible for Editor in 1.44 ms, found 3 plugins.
Preloading 0 native plugins for Editor in 0.00 ms.
Warning: Annotation not found!
UnityEngine.StackTraceUtility:ExtractStackTrace ()
UnityEditor.ProBuilder.EditorUtility:SetGizmoIconEnabled (System.Type,bool) (at Library/PackageCache/com.unity.probuilder@5.0.3/Editor/EditorCore/EditorUtility.cs:575)
UnityEditor.ProBuilder.HierarchyListener:.cctor () (at Library/PackageCache/com.unity.probuilder@5.0.3/Editor/EditorCore/HierarchyListener.cs:21)
System.Runtime.CompilerServices.RuntimeHelpers:RunClassConstructor (System.RuntimeTypeHandle)
UnityEditor.EditorAssemblies:ProcessInitializeOnLoadAttributes (System.Type[])

[Library/PackageCache/com.unity.probuilder@5.0.3/Editor/EditorCore/EditorUtility.cs line 575]

Mono: successfully reloaded assembly
- Completed reload, in  2.691 seconds
Domain Reload Profiling:
	ReloadAssembly (2693ms)
		BeginReloadAssembly (292ms)
			ExecutionOrderSort (0ms)
			DisableScriptedObjects (13ms)
			BackupInstance (0ms)
			ReleaseScriptingObjects (0ms)
			CreateAndSetChildDomain (72ms)
		EndReloadAssembly (2186ms)
			LoadAssemblies (185ms)
			RebuildTransferFunctionScriptingTraits (0ms)
			SetupTypeCache (451ms)
			ReleaseScriptCaches (3ms)
			RebuildScriptCaches (83ms)
			SetupLoadedEditorAssemblies (1115ms)
				LogAssemblyErrors (0ms)
				InitializePlatformSupportModulesInManaged (24ms)
				SetLoadedEditorAssemblies (1ms)
				RefreshPlugins (2ms)
				BeforeProcessingInitializeOnLoad (168ms)
				ProcessInitializeOnLoadAttributes (751ms)
				ProcessInitializeOnLoadMethodAttributes (138ms)
				AfterProcessingInitializeOnLoad (31ms)
				EditorAssembliesLoaded (0ms)
			ExecutionOrderSort2 (0ms)
			AwakeInstancesAfterBackupRestoration (55ms)
Platform modules already initialized, skipping
Refreshing native plugins compatible for Editor in 1.71 ms, found 3 plugins.
Preloading 0 native plugins for Editor in 0.00 ms.
Unloading 5120 Unused Serialized files (Serialized files now loaded: 0)
Unloading 30 unused Assets / (367.9 KB). Loaded Objects now: 5890.
Memory consumption went from 227.3 MB to 227.0 MB.
Total: 8.589200 ms (FindLiveObjects: 1.092900 ms CreateObjectMapping: 0.514500 ms MarkObjects: 6.726600 ms  DeleteObjects: 0.253000 ms)

AssetImportParameters requested are different than current active one (requested -> active):
  custom:video-decoder-ogg-theora: a1e56fd34408186e4bbccfd4996cb3dc -> 
  custom:container-muxer-webm: aa71ff27fc2769a1b78a27578f13a17b -> 
  custom:container-demuxer-webm: 4f35f7cbe854078d1ac9338744f61a02 -> 
  custom:video-encoder-webm-vp8: eb34c28f22e8b96e1ab97ce403110664 -> 
  custom:audio-encoder-webm-vorbis: bf7c407c2cedff20999df2af8eb42d56 -> 
  custom:framework-win-MediaFoundation: 216162199b28c13a410421893ffa2e32 -> 
  custom:container-demuxer-ogg: 62fdf1f143b41e24485cea50d1cbac27 -> 
  custom:video-decoder-webm-vp8: 9c59270c3fd7afecdb556c50c9e8de78 -> 
  custom:audio-decoder-ogg-vorbis: bf7c407c2cedff20999df2af8eb42d56 -> 
========================================================================
Received Import Request.
  Time since last request: 555.560102 seconds.
  path: Assets/Materials/Container/CorrugatedSteel002_2K_Color.png
  artifactKey: Guid(de97e4492c2551d41adbad3776056110) Importer(815301076,1909f56bfc062723c751e8b465ee728b)
Start importing Assets/Materials/Container/CorrugatedSteel002_2K_Color.png using Guid(de97e4492c2551d41adbad3776056110) Importer(815301076,1909f56bfc062723c751e8b465ee728b)  -> (artifact id: 'c90c232bd69692fb0fe99dd1d66d98d1') in 0.078003 seconds 
========================================================================
Received Import Request.
  Time since last request: 0.000042 seconds.
  path: Assets/Materials/Container/CorrugatedSteel002_2K_NormalGL.png
  artifactKey: Guid(c4890dff8390e534e9c4a458517c4cf1) Importer(815301076,1909f56bfc062723c751e8b465ee728b)
Start importing Assets/Materials/Container/CorrugatedSteel002_2K_NormalGL.png using Guid(c4890dff8390e534e9c4a458517c4cf1) Importer(815301076,1909f56bfc062723c751e8b465ee728b)  -> (artifact id: 'e7cdee2a4e1070c79f9ee0947ab797f7') in 0.034514 seconds 
========================================================================
Received Import Request.
  Time since last request: 0.000031 seconds.
  path: Assets/Materials/Container/CorrugatedSteel002_2K_Metalness.png
  artifactKey: Guid(3aa9a275d4718fa41af5dbfaade55605) Importer(815301076,1909f56bfc062723c751e8b465ee728b)
Start importing Assets/Materials/Container/CorrugatedSteel002_2K_Metalness.png using Guid(3aa9a275d4718fa41af5dbfaade55605) Importer(815301076,1909f56bfc062723c751e8b465ee728b)  -> (artifact id: 'f51b91feb54d74a4eb1e7cec826acf7a') in 0.030632 seconds 
========================================================================
Received Import Request.
  Time since last request: 192.790383 seconds.
  path: Assets/Materials/Container/Yellow Container.mat
  artifactKey: Guid(8eae710b02a58124396417c34109fd27) Importer(815301076,1909f56bfc062723c751e8b465ee728b)
Start importing Assets/Materials/Container/Yellow Container.mat using Guid(8eae710b02a58124396417c34109fd27) Importer(815301076,1909f56bfc062723c751e8b465ee728b)  -> (artifact id: '031dc5adb6681aaa4e6336785fa6c5a0') in 0.309339 seconds 
========================================================================
Received Import Request.
  Time since last request: 11.044529 seconds.
  path: Assets/Materials/Container/CorrugatedSteel004_2K_Color.png
  artifactKey: Guid(4d8551d3d1ec7a54aba08e43723ea79c) Importer(815301076,1909f56bfc062723c751e8b465ee728b)
Start importing Assets/Materials/Container/CorrugatedSteel004_2K_Color.png using Guid(4d8551d3d1ec7a54aba08e43723ea79c) Importer(815301076,1909f56bfc062723c751e8b465ee728b)  -> (artifact id: 'f8a9ad10dea4ee8b41e447257b52ab31') in 0.040077 seconds 
========================================================================
Received Import Request.
  Time since last request: 0.000043 seconds.
  path: Assets/Materials/Container/CorrugatedSteel004_2K_NormalGL.png
  artifactKey: Guid(7d0dd0474dc9c64478d509e530298031) Importer(815301076,1909f56bfc062723c751e8b465ee728b)
Start importing Assets/Materials/Container/CorrugatedSteel004_2K_NormalGL.png using Guid(7d0dd0474dc9c64478d509e530298031) Importer(815301076,1909f56bfc062723c751e8b465ee728b)  -> (artifact id: '19e185047710c6327e33a714aa2f8442') in 0.032306 seconds 
========================================================================
Received Import Request.
  Time since last request: 0.000051 seconds.
  path: Assets/Materials/Container/CorrugatedSteel004_2K_Roughness.png
  artifactKey: Guid(d1cea9e61c2c86d4fb12fca5575aeab9) Importer(815301076,1909f56bfc062723c751e8b465ee728b)
Start importing Assets/Materials/Container/CorrugatedSteel004_2K_Roughness.png using Guid(d1cea9e61c2c86d4fb12fca5575aeab9) Importer(815301076,1909f56bfc062723c751e8b465ee728b)  -> (artifact id: '63350cc7c615f9d473cb7b0db11c5de3') in 0.029898 seconds 
========================================================================
Received Import Request.
  Time since last request: 112.848630 seconds.
  path: Assets/Materials/Container/Yellow Container.mat
  artifactKey: Guid(8eae710b02a58124396417c34109fd27) Importer(815301076,1909f56bfc062723c751e8b465ee728b)
Start importing Assets/Materials/Container/Yellow Container.mat using Guid(8eae710b02a58124396417c34109fd27) Importer(815301076,1909f56bfc062723c751e8b465ee728b)  -> (artifact id: '077b52bf31ef9d6afbc55945fcd8bd88') in 0.049542 seconds 
